<?xml version="1.0" encoding="UTF-8"?>
<!-- Generated by org.testng.reporters.JUnitXMLReporter -->
<testsuite hostname="DESKTOP-F1HL44K" ignored="3" name="Default test" tests="1" failures="0" timestamp="05 Dec 2019 07:29:23 GMT" time="17.89" errors="0">
  <testcase name="productReturn" time="6.87" classname="Demo.NewProject.UpskillsAdmin"/>
  <testcase name="shoppingCart" time="0.0" classname="Demo.NewProject.UpskillsAdmin">
    <ignored/>
  </testcase> <!-- shoppingCart -->
  <testcase name="Customer" time="0.0" classname="Demo.NewProject.UpskillsAdmin">
    <ignored/>
  </testcase> <!-- Customer -->
  <testcase name="Sales" time="0.0" classname="Demo.NewProject.UpskillsAdmin">
    <ignored/>
  </testcase> <!-- Sales -->
</testsuite> <!-- Default test -->
