<?xml version="1.0" encoding="UTF-8"?>
<testng-results skipped="0" failed="0" ignored="3" total="4" passed="1">
  <reporter-output>
  </reporter-output>
  <suite name="Default suite" duration-ms="17890" started-at="2019-12-05T07:29:05Z" finished-at="2019-12-05T07:29:23Z">
    <groups>
    </groups>
    <test name="Default test" duration-ms="17890" started-at="2019-12-05T07:29:05Z" finished-at="2019-12-05T07:29:23Z">
      <class name="Demo.NewProject.UpskillsAdmin">
        <test-method status="PASS" signature="getData()[pri:0, instance:Demo.NewProject.UpskillsAdmin@29774679]" name="getData" is-config="true" duration-ms="12" started-at="2019-12-05T07:29:05Z" finished-at="2019-12-05T07:29:05Z">
          <reporter-output>
          </reporter-output>
        </test-method> <!-- getData -->
        <test-method status="PASS" signature="setupBrowser()[pri:0, instance:Demo.NewProject.UpskillsAdmin@29774679]" name="setupBrowser" is-config="true" duration-ms="7450" started-at="2019-12-05T07:29:05Z" finished-at="2019-12-05T07:29:13Z">
          <reporter-output>
          </reporter-output>
        </test-method> <!-- setupBrowser -->
        <test-method status="PASS" signature="productReturn()[pri:3, instance:Demo.NewProject.UpskillsAdmin@29774679]" name="productReturn" duration-ms="6870" started-at="2019-12-05T07:29:13Z" finished-at="2019-12-05T07:29:19Z">
          <reporter-output>
          </reporter-output>
        </test-method> <!-- productReturn -->
        <test-method status="PASS" signature="logout()[pri:0, instance:Demo.NewProject.UpskillsAdmin@29774679]" name="logout" is-config="true" duration-ms="1799" started-at="2019-12-05T07:29:19Z" finished-at="2019-12-05T07:29:21Z">
          <reporter-output>
          </reporter-output>
        </test-method> <!-- logout -->
        <test-method status="PASS" signature="closeBrowser()[pri:0, instance:Demo.NewProject.UpskillsAdmin@29774679]" name="closeBrowser" is-config="true" duration-ms="1735" started-at="2019-12-05T07:29:21Z" finished-at="2019-12-05T07:29:23Z">
          <reporter-output>
          </reporter-output>
        </test-method> <!-- closeBrowser -->
      </class> <!-- Demo.NewProject.UpskillsAdmin -->
    </test> <!-- Default test -->
  </suite> <!-- Default suite -->
</testng-results>
